Build started 4/18/2015 11:04:55 PM.
     1>Project "C:\Users\Piyush\Desktop\Tic Tac Toe\Chili DirectX Framework\Chili DirectX Framework.vcxproj" on node 2 (Build target(s)).
     1>ClCompile:
         D:\Visual Studio\VC\bin\CL.exe /c /Zi /nologo /W3 /WX- /O2 /Oi /Oy- /GL /D WIN32 /D NDEBUG /D _WINDOWS /D _UNICODE /D UNICODE /Gm- /EHsc /MD /GS /Gy /fp:precise /Zc:wchar_t /Zc:forScope /Fo"Release\\" /Fd"Release\vc120.pdb" /Gd /TP /analyze- /errorReport:prompt ..\Assets\D3DGraphics.cpp ..\Assets\Game.cpp ..\Assets\Keyboard.cpp ..\Assets\Timer.cpp ..\Assets\Windows.cpp
         D3DGraphics.cpp
     1>..\Assets\D3DGraphics.cpp(95): warning C4244: 'initializing' : conversion from 'float' to 'int', possible loss of data
     1>..\Assets\D3DGraphics.cpp(114): warning C4244: 'initializing' : conversion from 'float' to 'int', possible loss of data
     1>..\Assets\D3DGraphics.cpp(122): warning C4244: 'initializing' : conversion from 'int' to 'float', possible loss of data
     1>..\Assets\D3DGraphics.cpp(123): warning C4244: 'initializing' : conversion from 'float' to 'int', possible loss of data
     1>..\Assets\D3DGraphics.cpp(126): warning C4244: 'initializing' : conversion from 'float' to 'int', possible loss of data
         Game.cpp
         Keyboard.cpp
         Timer.cpp
         Windows.cpp
       Link:
         D:\Visual Studio\VC\bin\link.exe /ERRORREPORT:PROMPT /OUT:"C:\Users\Piyush\Desktop\Tic Tac Toe\Release\Chili DirectX Framework.exe" /INCREMENTAL:NO /NOLOGO dxerr.lib dxguid.lib d3dx9.lib d3dx10.lib d3d9.lib winmm.lib comctl32.lib kernel32.lib user32.lib gdi32.lib winspool.lib comdlg32.lib advapi32.lib shell32.lib ole32.lib oleaut32.lib uuid.lib odbc32.lib odbccp32.lib /MANIFEST /MANIFESTUAC:"level='asInvoker' uiAccess='false'" /manifest:embed /DEBUG /PDB:"C:\Users\Piyush\Desktop\Tic Tac Toe\Release\Chili DirectX Framework.pdb" /SUBSYSTEM:WINDOWS /OPT:REF /OPT:ICF /LTCG /TLBID:1 /DYNAMICBASE /NXCOMPAT /IMPLIB:"C:\Users\Piyush\Desktop\Tic Tac Toe\Release\Chili DirectX Framework.lib" /MACHINE:X86 /SAFESEH Release\D3DGraphics.obj
         Release\Game.obj
         Release\Keyboard.obj
         Release\Timer.obj
         Release\Windows.obj
         ..\Assets\ChiliDirectXFramework.res
         Generating code
         Finished generating code
         Chili DirectX Framework.vcxproj -> C:\Users\Piyush\Desktop\Tic Tac Toe\Release\Chili DirectX Framework.exe
     1>Done Building Project "C:\Users\Piyush\Desktop\Tic Tac Toe\Chili DirectX Framework\Chili DirectX Framework.vcxproj" (Build target(s)).

Build succeeded.

Time Elapsed 00:00:21.57
